MPASM  5.31                    EJERCICIO1.ASM   11-15-2021  13:40:15         PAGE  1


LOC  OBJECT CODE     LINE SOURCE TEXT
  VALUE

                      00001 #INCLUDE <P16F628A.inc>
                      00001         LIST
                      00002 ; P16F628A.INC  Standard Header File, Version 1.10    Microchip Technology, Inc.
                      00265         LIST
                      00266 
                      00002 ;Encender y apagar todos los leds cada un segundo.
                      00003         ORG 0
                      00004 
  00000020            00005 CONT3 EQU 0x20
  00000021            00006 CONT2 EQU 0x21
  00000022            00007 CONT1 EQU 0x22
                      00008 
                      00009 ;Pines en banco 1 setearlos a salida
0000   1683           00010         BSF STATUS,RP0
0001   3000           00011         MOVLW B'00000000'
Message[302]: Register in operand not in bank 0.  Ensure that bank bits are correct.
0002   0086           00012         MOVWF TRISB
                      00013 
0003   1283           00014         BCF STATUS,RP0 ;Volvemos al banco 0
0004                  00015 encendido
0004   300F           00016         MOVLW B'00001111'
0005   0086           00017         MOVWF PORTB
                      00018 
0006   3004           00019         movlw   .4
0007   00A0           00020         movwf   CONT3
                      00021 
0008   2???           00022         CALL delay_1s
                      00023 
0009                  00024 apagado
0009   3000           00025         MOVLW B'00000000'
000A   0086           00026         MOVWF PORTB
                      00027 
000B   3002           00028         movlw   .2
000C   00A0           00029         movwf   CONT3
                      00030 
000D   2???           00031         CALL delay_1s
                      00032 
000E   2???           00033         GOTO encendido
                      00034 
000F                  00035 delay_1s
                      00036 
000F   2???           00037 loop_1  CALL    delay_250ms     
0010   0BA0           00038         decfsz  CONT3,f
0011   2???           00039         goto    loop_1
0012   0008           00040         return  
                      00041         
0013                  00042 delay_250ms
0013   30FA           00043         movlw   .250
0014   00A1           00044         movwf   CONT2
                      00045 
0015   2???           00046 loop_2  CALL    delay_1ms       
0016   0BA1           00047         decfsz  CONT2,f
0017   2???           00048         goto    loop_2  
MPASM  5.31                    EJERCICIO1.ASM   11-15-2021  13:40:15         PAGE  2


LOC  OBJECT CODE     LINE SOURCE TEXT
  VALUE

0018   0008           00049         return
                      00050         
0019                  00051 delay_1ms
0019   30FA           00052         movlw   .250
001A   00A2           00053         movwf   CONT1
                      00054 
001B   0000           00055 loop_3  nop             
001C   0BA2           00056         decfsz  CONT1,f
001D   2???           00057         goto    loop_3
001E   0008           00058         return
                      00059 
                      00060         END
MPASM  5.31                    EJERCICIO1.ASM   11-15-2021  13:40:15         PAGE  3


SYMBOL TABLE
  LABEL                             VALUE 

ADEN                              00000003
BRGH                              00000002
C                                 00000000
C1INV                             00000004
C1OUT                             00000006
C2INV                             00000005
C2OUT                             00000007
CCP1CON                           00000017
CCP1IE                            00000002
CCP1IF                            00000002
CCP1M0                            00000000
CCP1M1                            00000001
CCP1M2                            00000002
CCP1M3                            00000003
CCP1X                             00000005
CCP1Y                             00000004
CCPR1H                            00000016
CCPR1L                            00000015
CIS                               00000003
CM0                               00000000
CM1                               00000001
CM2                               00000002
CMCON                             0000001F
CMIE                              00000006
CMIF                              00000006
CONT1                             00000022
CONT2                             00000021
CONT3                             00000020
CREN                              00000004
CSRC                              00000007
DC                                00000001
EEADR                             0000009B
EECON1                            0000009C
EECON2                            0000009D
EEDATA                            0000009A
EEIE                              00000007
EEIF                              00000007
F                                 00000001
FERR                              00000002
FSR                               00000004
GIE                               00000007
INDF                              00000000
INTCON                            0000000B
INTE                              00000004
INTEDG                            00000006
INTF                              00000001
IRP                               00000007
NOT_BO                            00000000
NOT_BOD                           00000000
NOT_BOR                           00000000
NOT_PD                            00000003
NOT_POR                           00000001
NOT_RBPU                          00000007
MPASM  5.31                    EJERCICIO1.ASM   11-15-2021  13:40:15         PAGE  4


SYMBOL TABLE
  LABEL                             VALUE 

NOT_T1SYNC                        00000002
NOT_TO                            00000004
OERR                              00000001
OPTION_REG                        00000081
OSCF                              00000003
PCL                               00000002
PCLATH                            0000000A
PCON                              0000008E
PEIE                              00000006
PIE1                              0000008C
PIR1                              0000000C
PORTA                             00000005
PORTB                             00000006
PR2                               00000092
PS0                               00000000
PS1                               00000001
PS2                               00000002
PSA                               00000003
RBIE                              00000003
RBIF                              00000000
RCIE                              00000005
RCIF                              00000005
RCREG                             0000001A
RCSTA                             00000018
RD                                00000000
RP0                               00000005
RP1                               00000006
RX9                               00000006
RX9D                              00000000
SPBRG                             00000099
SPEN                              00000007
SREN                              00000005
STATUS                            00000003
SYNC                              00000004
T0CS                              00000005
T0IE                              00000005
T0IF                              00000002
T0SE                              00000004
T1CKPS0                           00000004
T1CKPS1                           00000005
T1CON                             00000010
T1OSCEN                           00000003
T2CKPS0                           00000000
T2CKPS1                           00000001
T2CON                             00000012
TMR0                              00000001
TMR1CS                            00000001
TMR1H                             0000000F
TMR1IE                            00000000
TMR1IF                            00000000
TMR1L                             0000000E
TMR1ON                            00000000
TMR2                              00000011
MPASM  5.31                    EJERCICIO1.ASM   11-15-2021  13:40:15         PAGE  5


SYMBOL TABLE
  LABEL                             VALUE 

TMR2IE                            00000001
TMR2IF                            00000001
TMR2ON                            00000002
TOUTPS0                           00000003
TOUTPS1                           00000004
TOUTPS2                           00000005
TOUTPS3                           00000006
TRISA                             00000085
TRISB                             00000086
TRMT                              00000001
TX9                               00000006
TX9D                              00000000
TXEN                              00000005
TXIE                              00000004
TXIF                              00000004
TXREG                             00000019
TXSTA                             00000098
VR0                               00000000
VR1                               00000001
VR2                               00000002
VR3                               00000003
VRCON                             0000009F
VREN                              00000007
VROE                              00000006
VRR                               00000005
W                                 00000000
WR                                00000001
WREN                              00000002
WRERR                             00000003
Z                                 00000002
_BODEN_OFF                        00003FBF
_BODEN_ON                         00003FFF
_BOREN_OFF                        00003FBF
_BOREN_ON                         00003FFF
_CP_OFF                           00003FFF
_CP_ON                            00001FFF
_DATA_CP_OFF                      00003FFF
_DATA_CP_ON                       00003EFF
_ER_OSC_CLKOUT                    00003FFF
_ER_OSC_NOCLKOUT                  00003FFE
_EXTCLK_OSC                       00003FEF
_HS_OSC                           00003FEE
_INTOSC_OSC_CLKOUT                00003FFD
_INTOSC_OSC_NOCLKOUT              00003FFC
_INTRC_OSC_CLKOUT                 00003FFD
_INTRC_OSC_NOCLKOUT               00003FFC
_LP_OSC                           00003FEC
_LVP_OFF                          00003F7F
_LVP_ON                           00003FFF
_MCLRE_OFF                        00003FDF
_MCLRE_ON                         00003FFF
_PWRTE_OFF                        00003FFF
_PWRTE_ON                         00003FF7
MPASM  5.31                    EJERCICIO1.ASM   11-15-2021  13:40:15         PAGE  6


SYMBOL TABLE
  LABEL                             VALUE 

_RC_OSC_CLKOUT                    00003FFF
_RC_OSC_NOCLKOUT                  00003FFE
_WDT_OFF                          00003FFB
_WDT_ON                           00003FFF
_XT_OSC                           00003FED
__16F628A                         00000001
__DEBUG                           1
apagado                           00000009
delay_1ms                         00000019
delay_1s                          0000000F
delay_250ms                       00000013
encendido                         00000004
loop_1                            0000000F
loop_2                            00000015
loop_3                            0000001B

Errors   :     0
Warnings :     0 reported,     0 suppressed
Messages :     1 reported,     0 suppressed

