MPASM  5.31                    EJERCICIO2.ASM   11-16-2021  23:49:40         PAGE  1


LOC  OBJECT CODE     LINE SOURCE TEXT
  VALUE

                      00001 ;------------------------------------------------------------
                      00002 ; Proyecto: Ejercicio 2 - PUNTO D
                      00003 ; Autor: Matías Damian Giudice
                      00004 ; PIC: 16F628A
                      00005 ; Velocidad de reloj: Int 4 Mhz
                      00006 ; Descripción: Tendrá una secuencia a medida que se presiona el botón: prender RB1, prender RB2, apagar 
                            RB1, apagar RB2. Con interrupción por RB0.
                      00007 ;------------------------------------------------------------
                      00008 #INCLUDE <P16F628A.INC>                                         ;Incluimos el PIC
                      00001         LIST
                      00002 ; P16F628A.INC  Standard Header File, Version 1.10    Microchip Technology, Inc.
                      00265         LIST
                      00266 
                      00009         LIST P=PIC16F628A
                      00010 
                      00011         ORG     0x00                                                    ;Aca comienza el programa, se ej
                            ecuta
0000   2???           00012                 GOTO    inicio                                          ;Se va a mover a la etiqueta ini
                            cio
                      00013         ORG     0x04                                                    ;Cuando sucede una interrupcion 
                            viene a esta linea
0004   188B           00014                 BTFSC   INTCON,1                                        ;Verifica si la flag de la inter
                            rupcion esta levantada por pulsacion de boton
                      00015                                                                                         ;(en este caso s
                            iempre va a estar levantada)
                      00016                                                                                         ;Al estar levant
                            ada la flag por la interrupcion por RB0 por eso el 1
0005   2???           00017                 GOTO    main                                            ;Se va a mover a la etiqueta mai
                            n
0006   2???           00018                 GOTO    end_int                                         ;Se va a mover a la etiqueta end
                            _int
                      00019 
0007                  00020 main
0007   1886           00021         BTFSC   PORTB,1         ;B'00000001'            ;Verificamos los bit de los leds
0008   2???           00022         GOTO    dos                                                             ;En el caso que si algun
                            o esta encendido, pasa a la siguiente etiqueta (dos)
0009   1906           00023         BTFSC   PORTB,2
000A   2???           00024         GOTO    dos
000B   1486           00025         BSF             PORTB,1                                                 ;En el primer caso si es
                            tan apagados ambos, se enciende el primer led
000C   2???           00026         GOTO    end_int                                                 ;En el caso que se encienda el l
                            ed, se va a la etiqueta end_int
                      00027 
000D                  00028 dos
000D   1C86           00029         BTFSS   PORTB,1         ;B'00000011'            ;Verifica si el led2 esta apagado y el led1 ence
                            ndido
000E   2???           00030         GOTO    tres                                                    ;En el caso que esto este de otr
                            a forma, pasa a la siguiente etiqueta (tres)
000F   1906           00031         BTFSC   PORTB,2
0010   2???           00032         GOTO    tres
0011   1506           00033         BSF             PORTB,2                                                 ;Si sucede que el led2 e
                            sta apagado y el led1 encendido, se enciende el led2
0012   2???           00034         GOTO    end_int                                                 ;En el caso que se encienda el l
MPASM  5.31                    EJERCICIO2.ASM   11-16-2021  23:49:40         PAGE  2


LOC  OBJECT CODE     LINE SOURCE TEXT
  VALUE

                            ed, se va a la etiqueta end_int
                      00035 
0013                  00036 tres
0013   1C86           00037         BTFSS   PORTB,1         ;B'00000111'            ;Verifica si ambos estan encendidos
0014   2???           00038         GOTO    cuatro                                                  ;En caso que no esten los ambos 
                            encendidos, significa que hay uno apagado, entonces hay que apagar el 
                      00039                                                                                         ;otro, pasa a la
                             siguiente etiqueta (cuatro)
0015   1D06           00040         BTFSS   PORTB,2
0016   2???           00041         GOTO    cuatro
0017   1086           00042         BCF             PORTB,1
0018   2???           00043         GOTO    end_int                                                 ;En el caso que se encienda el l
                            ed1, se va a la etiqueta end_int
                      00044 
0019                  00045 cuatro
0019   1106           00046         BCF             PORTB,2
001A   2???           00047         GOTO    end_int                                                 ;En el caso que se encienda el l
                            ed1, se va a la etiqueta end_int
                      00048 
001B                  00049 end_int
001B   108B           00050         BCF             INTCON,1                                                ;Baja la flag y termina 
                            aca hasta que se levante otra interrupcion
001C   0009           00051         RETFIE                                                                  ;Vuelve a la linea GOTO 
                            $
                      00052 
001D                  00053 inicio
001D   1683           00054         BSF             STATUS,RP0                                              ;Nos movemos al banco 1
Message[302]: Register in operand not in bank 0.  Ensure that bank bits are correct.
001E   1381           00055         BCF             OPTION_REG,7                                    ;Si esta en 0 esta activado y 1 
                            desactivado
001F   3001           00056         MOVLW   B'00000001'                                             ;Seteamos el puerto RB0 en modo 
                            entrada y todos los demas en salida y lo guardamos en w
Message[302]: Register in operand not in bank 0.  Ensure that bank bits are correct.
0020   0086           00057         MOVWF   TRISB                                                   ;Lo que estaba en w, ahora lo gu
                            ardamos en el puerto TRISB
Message[302]: Register in operand not in bank 0.  Ensure that bank bits are correct.
0021   1381           00058         BCF             OPTION_REG,7                                    ;Si esta en 0 esta activado y 1 
                            desactivado
0022   1283           00059         BCF             STATUS,RP0                                              ;Volvemos al banco 0
                      00060         
0023   3000           00061         MOVLW   B'00000000'
0024   0086           00062         MOVWF   PORTB
                      00063 
0025   178B           00064         BSF             INTCON,7                                                ;Activamos las interrupc
                            iones globales
0026   160B           00065         BSF             INTCON,4                                                ;Activamos las interrupc
                            iones por RB0
                      00066                                                                                         ;Si sucede una i
                            nterrupcion se utiliza el codigo 0x04
0027   2???           00067         GOTO    $                                                               ;El programa se queda es
                            perando aca (el signo hace que se quede en esta linea, en forma de bucle)
                      00068 
                      00069         END                                                                             ;Fin del program
MPASM  5.31                    EJERCICIO2.ASM   11-16-2021  23:49:40         PAGE  3


LOC  OBJECT CODE     LINE SOURCE TEXT
  VALUE

                            a
MPASM  5.31                    EJERCICIO2.ASM   11-16-2021  23:49:40         PAGE  4


SYMBOL TABLE
  LABEL                             VALUE 

ADEN                              00000003
BRGH                              00000002
C                                 00000000
C1INV                             00000004
C1OUT                             00000006
C2INV                             00000005
C2OUT                             00000007
CCP1CON                           00000017
CCP1IE                            00000002
CCP1IF                            00000002
CCP1M0                            00000000
CCP1M1                            00000001
CCP1M2                            00000002
CCP1M3                            00000003
CCP1X                             00000005
CCP1Y                             00000004
CCPR1H                            00000016
CCPR1L                            00000015
CIS                               00000003
CM0                               00000000
CM1                               00000001
CM2                               00000002
CMCON                             0000001F
CMIE                              00000006
CMIF                              00000006
CREN                              00000004
CSRC                              00000007
DC                                00000001
EEADR                             0000009B
EECON1                            0000009C
EECON2                            0000009D
EEDATA                            0000009A
EEIE                              00000007
EEIF                              00000007
F                                 00000001
FERR                              00000002
FSR                               00000004
GIE                               00000007
INDF                              00000000
INTCON                            0000000B
INTE                              00000004
INTEDG                            00000006
INTF                              00000001
IRP                               00000007
NOT_BO                            00000000
NOT_BOD                           00000000
NOT_BOR                           00000000
NOT_PD                            00000003
NOT_POR                           00000001
NOT_RBPU                          00000007
NOT_T1SYNC                        00000002
NOT_TO                            00000004
OERR                              00000001
MPASM  5.31                    EJERCICIO2.ASM   11-16-2021  23:49:40         PAGE  5


SYMBOL TABLE
  LABEL                             VALUE 

OPTION_REG                        00000081
OSCF                              00000003
PCL                               00000002
PCLATH                            0000000A
PCON                              0000008E
PEIE                              00000006
PIE1                              0000008C
PIR1                              0000000C
PORTA                             00000005
PORTB                             00000006
PR2                               00000092
PS0                               00000000
PS1                               00000001
PS2                               00000002
PSA                               00000003
RBIE                              00000003
RBIF                              00000000
RCIE                              00000005
RCIF                              00000005
RCREG                             0000001A
RCSTA                             00000018
RD                                00000000
RP0                               00000005
RP1                               00000006
RX9                               00000006
RX9D                              00000000
SPBRG                             00000099
SPEN                              00000007
SREN                              00000005
STATUS                            00000003
SYNC                              00000004
T0CS                              00000005
T0IE                              00000005
T0IF                              00000002
T0SE                              00000004
T1CKPS0                           00000004
T1CKPS1                           00000005
T1CON                             00000010
T1OSCEN                           00000003
T2CKPS0                           00000000
T2CKPS1                           00000001
T2CON                             00000012
TMR0                              00000001
TMR1CS                            00000001
TMR1H                             0000000F
TMR1IE                            00000000
TMR1IF                            00000000
TMR1L                             0000000E
TMR1ON                            00000000
TMR2                              00000011
TMR2IE                            00000001
TMR2IF                            00000001
TMR2ON                            00000002
MPASM  5.31                    EJERCICIO2.ASM   11-16-2021  23:49:40         PAGE  6


SYMBOL TABLE
  LABEL                             VALUE 

TOUTPS0                           00000003
TOUTPS1                           00000004
TOUTPS2                           00000005
TOUTPS3                           00000006
TRISA                             00000085
TRISB                             00000086
TRMT                              00000001
TX9                               00000006
TX9D                              00000000
TXEN                              00000005
TXIE                              00000004
TXIF                              00000004
TXREG                             00000019
TXSTA                             00000098
VR0                               00000000
VR1                               00000001
VR2                               00000002
VR3                               00000003
VRCON                             0000009F
VREN                              00000007
VROE                              00000006
VRR                               00000005
W                                 00000000
WR                                00000001
WREN                              00000002
WRERR                             00000003
Z                                 00000002
_.org_1_0027                      00000027
_BODEN_OFF                        00003FBF
_BODEN_ON                         00003FFF
_BOREN_OFF                        00003FBF
_BOREN_ON                         00003FFF
_CP_OFF                           00003FFF
_CP_ON                            00001FFF
_DATA_CP_OFF                      00003FFF
_DATA_CP_ON                       00003EFF
_ER_OSC_CLKOUT                    00003FFF
_ER_OSC_NOCLKOUT                  00003FFE
_EXTCLK_OSC                       00003FEF
_HS_OSC                           00003FEE
_INTOSC_OSC_CLKOUT                00003FFD
_INTOSC_OSC_NOCLKOUT              00003FFC
_INTRC_OSC_CLKOUT                 00003FFD
_INTRC_OSC_NOCLKOUT               00003FFC
_LP_OSC                           00003FEC
_LVP_OFF                          00003F7F
_LVP_ON                           00003FFF
_MCLRE_OFF                        00003FDF
_MCLRE_ON                         00003FFF
_PWRTE_OFF                        00003FFF
_PWRTE_ON                         00003FF7
_RC_OSC_CLKOUT                    00003FFF
_RC_OSC_NOCLKOUT                  00003FFE
MPASM  5.31                    EJERCICIO2.ASM   11-16-2021  23:49:40         PAGE  7


SYMBOL TABLE
  LABEL                             VALUE 

_WDT_OFF                          00003FFB
_WDT_ON                           00003FFF
_XT_OSC                           00003FED
__16F628A                         00000001
__DEBUG                           1
cuatro                            00000019
dos                               0000000D
end_int                           0000001B
inicio                            0000001D
main                              00000007
tres                              00000013

Errors   :     0
Warnings :     0 reported,     0 suppressed
Messages :     3 reported,     0 suppressed

